#
# A fatal error has been detected by the Java Runtime Environment:
#
#  SIGSEGV (0xb) at pc=0x000000012127658d, pid=3300, tid=1811
#
# JRE version: Java(TM) SE Runtime Environment (8.0_45-b14) (build 1.8.0_45-b14)
# Java VM: Java HotSpot(TM) 64-Bit Server VM (25.45-b02 mixed mode bsd-amd64 compressed oops)
# Problematic frame:
# C  [libglass.dylib+0x1558d]  GlassScreenDidChangeScreenParameters+0x9d
#
# Failed to write core dump. Core dumps have been disabled. To enable core dumping, try "ulimit -c unlimited" before starting Java again
#
# If you would like to submit a bug report, please visit:
#   http://bugreport.java.com/bugreport/crash.jsp
#

---------------  T H R E A D  ---------------

Current thread is native thread

siginfo: si_signo: 11 (SIGSEGV), si_code: 1 (SEGV_MAPERR), si_addr: 0x0000000000000000

Registers:
RAX=0x00000001212a8bc0, RBX=0x0000000000000000, RCX=0x2700c312990a2e20, RDX=0x00007fd7e2d4e188
RSP=0x00007fff56b30f40, RBP=0x00007fff56b30f50, RSI=0x00007fd7e2c056e0, RDI=0x0000000000000000
R8 =0x00007fff56b30df0, R9 =0x00007fff7092e300, R10=0x0000000000000000, R11=0x0000000000000246
R12=0x00007fd7e2e29ed0, R13=0x00000000000f426a, R14=0x00007fd7e2d4e090, R15=0x00007fff56b31090
RIP=0x000000012127658d, EFLAGS=0x0000000000010206, ERR=0x0000000000000004
  TRAPNO=0x000000000000000e

Top of Stack: (sp=0x00007fff56b30f40)
0x00007fff56b30f40:   00007fff56b31120 00007fd7e2d4e090
0x00007fff56b30f50:   00007fff56b30f60 00007fff8db7445c
0x00007fff56b30f60:   00007fff56b312c0 00007fff8da64634
0x00007fff56b30f70:   00007fff56b30fc0 0000000000001400
0x00007fff56b30f80:   00007fff725bced0 00007fd7e9cadef0
0x00007fff56b30f90:   0000000000001002 0000000000000900
0x00007fff56b30fa0:   00007fd7e9cadef0 00007fd7e2d4e090
0x00007fff56b30fb0:   0000000000000000 00007fff56b31090
0x00007fff56b30fc0:   0000000000000000 00007fd7e2d4e050
0x00007fff56b30fd0:   00007fff56b31110 0000000000000060
0x00007fff56b30fe0:   00000000000f431b 00007fd7e55427b0
0x00007fff56b30ff0:   00007fd7e2d3af50 00007fd7e2e29ed0
0x00007fff56b31000:   0000000000000001 00000000000f426a
0x00007fff56b31010:   00007fd7e2e29ec0 00007fff88bdcb90
0x00007fff56b31020:   0000000000000001 0000000000000001
0x00007fff56b31030:   0000000000000030 0000000000000001
0x00007fff56b31040:   00007fff56b31060 00007fff88bdd546
0x00007fff56b31050:   00007fff725bafb0 0000000000000000
0x00007fff56b31060:   00007fff56b31080 0000000000000000
0x00007fff56b31070:   000bcb03e492f000 00007fd7e2e29ef4
0x00007fff56b31080:   0000000000000000 00007fff8da5a10f
0x00007fff56b31090:   00007fd7e2d4e090 00007fff725bafb0
0x00007fff56b310a0:   00007fff56b31120 00007fff8da62c3f
0x00007fff56b310b0:   0000000000000001 00007fd7e2d35540
0x00007fff56b310c0:   00000001090eaa00 0000000000000002
0x00007fff56b310d0:   00000001090e7000 00007fd7e2ef30d2
0x00007fff56b310e0:   0000000000000003 00000001090ebe00
0x00007fff56b310f0:   00007fff56b311e0 00007fff88bd9b36
0x00007fff56b31100:   00007fd7e2d3ab20 00007fff56b312c8
0x00007fff56b31110:   0000000000000017 0000000000000000
0x00007fff56b31120:   00000000000f426a 00007fff8da5a403
0x00007fff56b31130:   00007fff00000000 00007fd7e2e5dd60 

Instructions: (pc=0x000000012127658d)
0x000000012127656d:   89 df 4c 89 f1 41 ff 90 68 04 00 00 48 8d 05 48
0x000000012127657d:   25 03 00 48 8b 30 48 8d 05 36 26 03 00 48 8b 10
0x000000012127658d:   48 8b 0b 30 c0 48 89 df ff 91 68 04 00 00 48 8b
0x000000012127659d:   03 48 89 df ff 50 78 48 85 c0 74 36 49 89 c6 48 

Register to memory mapping:

RAX=0x00000001212a8bc0: jScreenNotifySettingsChanged+0 in /Library/Java/JavaVirtualMachines/jdk1.8.0_45.jdk/Contents/Home/jre/lib/libglass.dylib at 0x0000000121261000
RBX=0x0000000000000000 is an unknown value
RCX=0x2700c312990a2e20 is an unknown value
RDX=0x00007fd7e2d4e188 is an unknown value
RSP=0x00007fff56b30f40 is an unknown value
RBP=0x00007fff56b30f50 is an unknown value
RSI=0x00007fd7e2c056e0 is a global jni handle
RDI=0x0000000000000000 is an unknown value
R8 =0x00007fff56b30df0 is an unknown value
R9 =0x00007fff7092e300: _thread+0 in /usr/lib/system/libsystem_pthread.dylib at 0x00007fff8160b000
R10=0x0000000000000000 is an unknown value
R11=0x0000000000000246 is an unknown value
R12=0x00007fd7e2e29ed0 is an unknown value
R13=0x00000000000f426a is an unknown value
R14=0x00007fd7e2d4e090 is an unknown value
R15=0x00007fff56b31090 is an unknown value


Stack: [0x00007fff56334000,0x00007fff56b34000],  sp=0x00007fff56b30f40,  free space=8179k
Native frames: (J=compiled Java code, j=interpreted, Vv=VM code, C=native code)
C  [libglass.dylib+0x1558d]  GlassScreenDidChangeScreenParameters+0x9d
C  [CoreFoundation+0x12045c]  __CFNOTIFICATIONCENTER_IS_CALLING_OUT_TO_AN_OBSERVER__+0xc
C  [CoreFoundation+0x10634]  _CFXNotificationPost+0xc44
C  [Foundation+0x7aa1]  -[NSNotificationCenter postNotificationName:object:userInfo:]+0x42
C  [AppKit+0x40de7e]  -[NSApplication _reactToScreenInvalidationImmediately:]+0x17b
C  [AppKit+0x40dcc7]  __44-[NSApplication _reactToScreenInvalidation:]_block_invoke+0x4b
C  [CoreFoundation+0x808ec]  __CFRUNLOOP_IS_CALLING_OUT_TO_A_BLOCK__+0xc
C  [CoreFoundation+0x729f5]  __CFRunLoopDoBlocks+0x155
C  [CoreFoundation+0x72536]  __CFRunLoopRun+0x716
C  [CoreFoundation+0x71bd8]  CFRunLoopRunSpecific+0x128
C  [java+0x6490]  CreateExecutionEnvironment+0x367
C  [java+0x221c]  JLI_Launch+0x7a0
C  [java+0x84ed]  main+0x65
C  [java+0x1a74]  start+0x34


---------------  P R O C E S S  ---------------

VM state:at safepoint (normal execution)

VM Mutex/Monitor currently owned by a thread:  ([mutex/lock_event])
[0x00007fd7e2c02b20] Threads_lock - owner thread: 0x00007fd7e300a000
[0x00007fd7e2c03020] Heap_lock - owner thread: 0x00007fd7e7a2e000

Heap:
 PSYoungGen      total 30208K, used 5128K [0x00000007aab00000, 0x00000007ad280000, 0x00000007c0000000)
  eden space 23040K, 15% used [0x00000007aab00000,0x00000007aae92080,0x00000007ac180000)
  from space 7168K, 20% used [0x00000007acb80000,0x00000007accf0000,0x00000007ad280000)
  to   space 8704K, 0% used [0x00000007ac180000,0x00000007ac180000,0x00000007aca00000)
 ParOldGen       total 40960K, used 10634K [0x0000000780000000, 0x0000000782800000, 0x00000007aab00000)
  object space 40960K, 25% used [0x0000000780000000,0x0000000780a62b38,0x0000000782800000)
 Metaspace       used 21408K, capacity 22702K, committed 23040K, reserved 1069056K
  class space    used 2938K, capacity 3201K, committed 3328K, reserved 1048576K

Card table byte_map: [0x0000000119fc0000,0x000000011a1c1000] byte_map_base: 0x00000001163c0000

Marking Bits: (ParMarkBitMap*) 0x0000000109abf7a0
 Begin Bits: [0x000000011a620000, 0x000000011b620000)
 End Bits:   [0x000000011b620000, 0x000000011c620000)

Polling page: 0x000000010a2c3000

CodeCache: size=245760Kb used=12745Kb max_used=12747Kb free=233014Kb
 bounds [0x000000010ac00000, 0x000000010b880000, 0x0000000119c00000]
 total_blobs=4772 nmethods=4073 adapters=611
 compilation: enabled

Compilation events (10 events):
Event: 224.585 Thread 0x00007fd7e3845800 4090  s    3       java.nio.Bits::unreserveMemory (58 bytes)
Event: 224.585 Thread 0x00007fd7e3845800 nmethod 4090 0x000000010b871d50 code [0x000000010b871ec0, 0x000000010b872250]
Event: 336.320 Thread 0x00007fd7e3845800 4091       3       java.lang.invoke.DirectMethodHandle::shouldBeInitialized (123 bytes)
Event: 336.321 Thread 0x00007fd7e3845800 nmethod 4091 0x000000010b878f90 code [0x000000010b879160, 0x000000010b879888]
Event: 336.327 Thread 0x00007fd7e3845800 4092       3       java.lang.Class::checkInitted (19 bytes)
Event: 336.328 Thread 0x00007fd7e3845800 nmethod 4092 0x000000010b871810 code [0x000000010b8719a0, 0x000000010b871c68]
Event: 336.328 Thread 0x00007fd7e3845800 4093       3       java.lang.Class::reflectionData (49 bytes)
Event: 336.329 Thread 0x00007fd7e3845800 nmethod 4093 0x000000010b878790 code [0x000000010b878920, 0x000000010b878e28]
Event: 336.339 Thread 0x00007fd7e3845800 4094       3       java.lang.invoke.MethodHandles$Lookup::findStatic (27 bytes)
Event: 336.340 Thread 0x00007fd7e3845800 nmethod 4094 0x000000010b878110 code [0x000000010b8782a0, 0x000000010b878648]

GC Heap History (10 events):
Event: 7.925 GC heap before
{Heap before GC invocations=3 (full 0):
 PSYoungGen      total 18944K, used 18912K [0x00000007aab00000, 0x00000007ac000000, 0x00000007c0000000)
  eden space 16384K, 100% used [0x00000007aab00000,0x00000007abb00000,0x00000007abb00000)
  from space 2560K, 98% used [0x00000007abd80000,0x00000007abff8040,0x00000007ac000000)
  to   space 2560K, 0% used [0x00000007abb00000,0x00000007abb00000,0x00000007abd80000)
 ParOldGen       total 44032K, used 2828K [0x0000000780000000, 0x0000000782b00000, 0x00000007aab00000)
  object space 44032K, 6% used [0x0000000780000000,0x00000007802c33a0,0x0000000782b00000)
 Metaspace       used 19680K, capacity 20920K, committed 21120K, reserved 1067008K
  class space    used 2871K, capacity 3114K, committed 3200K, reserved 1048576K
Event: 7.938 GC heap after
Heap after GC invocations=3 (full 0):
 PSYoungGen      total 18944K, used 2544K [0x00000007aab00000, 0x00000007ac000000, 0x00000007c0000000)
  eden space 16384K, 0% used [0x00000007aab00000,0x00000007aab00000,0x00000007abb00000)
  from space 2560K, 99% used [0x00000007abb00000,0x00000007abd7c030,0x00000007abd80000)
  to   space 2560K, 0% used [0x00000007abd80000,0x00000007abd80000,0x00000007ac000000)
 ParOldGen       total 44032K, used 8006K [0x0000000780000000, 0x0000000782b00000, 0x00000007aab00000)
  object space 44032K, 18% used [0x0000000780000000,0x00000007807d1b48,0x0000000782b00000)
 Metaspace       used 19680K, capacity 20920K, committed 21120K, reserved 1067008K
  class space    used 2871K, capacity 3114K, committed 3200K, reserved 1048576K
}
Event: 8.195 GC heap before
{Heap before GC invocations=4 (full 0):
 PSYoungGen      total 18944K, used 4348K [0x00000007aab00000, 0x00000007ac000000, 0x00000007c0000000)
  eden space 16384K, 11% used [0x00000007aab00000,0x00000007aacc3090,0x00000007abb00000)
  from space 2560K, 99% used [0x00000007abb00000,0x00000007abd7c030,0x00000007abd80000)
  to   space 2560K, 0% used [0x00000007abd80000,0x00000007abd80000,0x00000007ac000000)
 ParOldGen       total 44032K, used 8006K [0x0000000780000000, 0x0000000782b00000, 0x00000007aab00000)
  object space 44032K, 18% used [0x0000000780000000,0x00000007807d1b48,0x0000000782b00000)
 Metaspace       used 19977K, capacity 21252K, committed 21296K, reserved 1067008K
  class space    used 2888K, capacity 3180K, committed 3200K, reserved 1048576K
Event: 8.207 GC heap after
Heap after GC invocations=4 (full 0):
 PSYoungGen      total 18944K, used 2544K [0x00000007aab00000, 0x00000007ad000000, 0x00000007c0000000)
  eden space 16384K, 0% used [0x00000007aab00000,0x00000007aab00000,0x00000007abb00000)
  from space 2560K, 99% used [0x00000007abd80000,0x00000007abffc030,0x00000007ac000000)
  to   space 2560K, 0% used [0x00000007abb00000,0x00000007abb00000,0x00000007abd80000)
 ParOldGen       total 44032K, used 8538K [0x0000000780000000, 0x0000000782b00000, 0x00000007aab00000)
  object space 44032K, 19% used [0x0000000780000000,0x0000000780856b58,0x0000000782b00000)
 Metaspace       used 19977K, capacity 21252K, committed 21296K, reserved 1067008K
  class space    used 2888K, capacity 3180K, committed 3200K, reserved 1048576K
}
Event: 8.207 GC heap before
{Heap before GC invocations=5 (full 1):
 PSYoungGen      total 18944K, used 2544K [0x00000007aab00000, 0x00000007ad000000, 0x00000007c0000000)
  eden space 16384K, 0% used [0x00000007aab00000,0x00000007aab00000,0x00000007abb00000)
  from space 2560K, 99% used [0x00000007abd80000,0x00000007abffc030,0x00000007ac000000)
  to   space 2560K, 0% used [0x00000007abb00000,0x00000007abb00000,0x00000007abd80000)
 ParOldGen       total 44032K, used 8538K [0x0000000780000000, 0x0000000782b00000, 0x00000007aab00000)
  object space 44032K, 19% used [0x0000000780000000,0x0000000780856b58,0x0000000782b00000)
 Metaspace       used 19977K, capacity 21252K, committed 21296K, reserved 1067008K
  class space    used 2888K, capacity 3180K, committed 3200K, reserved 1048576K
Event: 8.302 GC heap after
Heap after GC invocations=5 (full 1):
 PSYoungGen      total 18944K, used 0K [0x00000007aab00000, 0x00000007ad000000, 0x00000007c0000000)
  eden space 16384K, 0% used [0x00000007aab00000,0x00000007aab00000,0x00000007abb00000)
  from space 2560K, 0% used [0x00000007abd80000,0x00000007abd80000,0x00000007ac000000)
  to   space 2560K, 0% used [0x00000007abb00000,0x00000007abb00000,0x00000007abd80000)
 ParOldGen       total 40960K, used 10618K [0x0000000780000000, 0x0000000782800000, 0x00000007aab00000)
  object space 40960K, 25% used [0x0000000780000000,0x0000000780a5eb38,0x0000000782800000)
 Metaspace       used 19977K, capacity 21252K, committed 21296K, reserved 1067008K
  class space    used 2888K, capacity 3180K, committed 3200K, reserved 1048576K
}
Event: 20.771 GC heap before
{Heap before GC invocations=6 (full 1):
 PSYoungGen      total 18944K, used 16384K [0x00000007aab00000, 0x00000007ad000000, 0x00000007c0000000)
  eden space 16384K, 100% used [0x00000007aab00000,0x00000007abb00000,0x00000007abb00000)
  from space 2560K, 0% used [0x00000007abd80000,0x00000007abd80000,0x00000007ac000000)
  to   space 2560K, 0% used [0x00000007abb00000,0x00000007abb00000,0x00000007abd80000)
 ParOldGen       total 40960K, used 10618K [0x0000000780000000, 0x0000000782800000, 0x00000007aab00000)
  object space 40960K, 25% used [0x0000000780000000,0x0000000780a5eb38,0x0000000782800000)
 Metaspace       used 21176K, capacity 22432K, committed 22656K, reserved 1069056K
  class space    used 2920K, capacity 3182K, committed 3200K, reserved 1048576K
Event: 20.775 GC heap after
Heap after GC invocations=6 (full 1):
 PSYoungGen      total 18944K, used 1664K [0x00000007aab00000, 0x00000007ad400000, 0x00000007c0000000)
  eden space 16384K, 0% used [0x00000007aab00000,0x00000007aab00000,0x00000007abb00000)
  from space 2560K, 65% used [0x00000007abb00000,0x00000007abca0000,0x00000007abd80000)
  to   space 8704K, 0% used [0x00000007acb80000,0x00000007acb80000,0x00000007ad400000)
 ParOldGen       total 40960K, used 10626K [0x0000000780000000, 0x0000000782800000, 0x00000007aab00000)
  object space 40960K, 25% used [0x0000000780000000,0x0000000780a60b38,0x0000000782800000)
 Metaspace       used 21176K, capacity 22432K, committed 22656K, reserved 1069056K
  class space    used 2920K, capacity 3182K, committed 3200K, reserved 1048576K
}
Event: 224.578 GC heap before
{Heap before GC invocations=7 (full 1):
 PSYoungGen      total 18944K, used 18048K [0x00000007aab00000, 0x00000007ad400000, 0x00000007c0000000)
  eden space 16384K, 100% used [0x00000007aab00000,0x00000007abb00000,0x00000007abb00000)
  from space 2560K, 65% used [0x00000007abb00000,0x00000007abca0000,0x00000007abd80000)
  to   space 8704K, 0% used [0x00000007acb80000,0x00000007acb80000,0x00000007ad400000)
 ParOldGen       total 40960K, used 10626K [0x0000000780000000, 0x0000000782800000, 0x00000007aab00000)
  object space 40960K, 25% used [0x0000000780000000,0x0000000780a60b38,0x0000000782800000)
 Metaspace       used 21370K, capacity 22646K, committed 22912K, reserved 1069056K
  class space    used 2930K, capacity 3189K, committed 3200K, reserved 1048576K
Event: 224.583 GC heap after
Heap after GC invocations=7 (full 1):
 PSYoungGen      total 30208K, used 1472K [0x00000007aab00000, 0x00000007ad280000, 0x00000007c0000000)
  eden space 23040K, 0% used [0x00000007aab00000,0x00000007aab00000,0x00000007ac180000)
  from space 7168K, 20% used [0x00000007acb80000,0x00000007accf0000,0x00000007ad280000)
  to   space 8704K, 0% used [0x00000007ac180000,0x00000007ac180000,0x00000007aca00000)
 ParOldGen       total 40960K, used 10634K [0x0000000780000000, 0x0000000782800000, 0x00000007aab00000)
  object space 40960K, 25% used [0x0000000780000000,0x0000000780a62b38,0x0000000782800000)
 Metaspace       used 21370K, capacity 22646K, committed 22912K, reserved 1069056K
  class space    used 2930K, capacity 3189K, committed 3200K, reserved 1048576K
}

Deoptimization events (10 events):
Event: 24.246 Thread 0x00007fd7e3075800 Uncommon trap: reason=bimorphic action=maybe_recompile pc=0x000000010b755074 method=com.sun.javafx.event.EventHandlerManager.dispatchCapturingEvent(Ljavafx/event/Event;)Ljavafx/event/Event; @ 1
Event: 24.246 Thread 0x00007fd7e3075800 Uncommon trap: reason=bimorphic action=maybe_recompile pc=0x000000010b755074 method=com.sun.javafx.event.EventHandlerManager.dispatchCapturingEvent(Ljavafx/event/Event;)Ljavafx/event/Event; @ 1
Event: 25.460 Thread 0x00007fd7e3075800 Uncommon trap: reason=bimorphic action=maybe_recompile pc=0x000000010b755074 method=com.sun.javafx.event.EventHandlerManager.dispatchCapturingEvent(Ljavafx/event/Event;)Ljavafx/event/Event; @ 1
Event: 25.469 Thread 0x00007fd7e482d000 Uncommon trap: reason=unstable_if action=reinterpret pc=0x000000010b64fc08 method=com.sun.javafx.geom.transform.AffineBase.translate(DD)V @ 375
Event: 27.057 Thread 0x00007fd7e482d000 Uncommon trap: reason=unstable_if action=reinterpret pc=0x000000010b788898 method=java.lang.Math.round(F)I @ 36
Event: 27.057 Thread 0x00007fd7e482d000 Uncommon trap: reason=unstable_if action=reinterpret pc=0x000000010b50c964 method=java.lang.Math.round(F)I @ 36
Event: 336.267 Thread 0x00007fd7e3075800 Uncommon trap: reason=predicate action=maybe_recompile pc=0x000000010b7fc31c method=java.util.ArrayList.remove(Ljava/lang/Object;)Z @ 49
Event: 336.316 Thread 0x00007fd7e3075800 Uncommon trap: reason=unstable_if action=reinterpret pc=0x000000010b7cc850 method=com.sun.javafx.tk.quantum.QuantumToolkit.runWithoutRenderLock(Ljava/util/function/Supplier;)Ljava/lang/Object; @ 8
Event: 336.319 Thread 0x00007fd7e3075800 Uncommon trap: reason=unstable_if action=reinterpret pc=0x000000010b7d70e0 method=com.sun.javafx.css.StyleManager.forget(Ljavafx/scene/Parent;)V @ 68
Event: 336.342 Thread 0x00007fd7e79ef000 Uncommon trap: reason=unstable_if action=reinterpret pc=0x000000010b462e40 method=java.lang.ThreadLocal.get()Ljava/lang/Object; @ 11

Internal exceptions (10 events):
Event: 2.352 Thread 0x00007fd7e3075800 Exception <a 'java/io/FileNotFoundException'> (0x00000007ab16d730) thrown at [/Users/java_re/workspace/8-2-build-macosx-x86_64/jdk8u45/3457/hotspot/src/share/vm/prims/jni.cpp, line 709]
Event: 7.704 Thread 0x00007fd7e3075800 Implicit null exception at 0x000000010b15c091 to 0x000000010b15c63d
Event: 11.753 Thread 0x00007fd7e482d000 Exception <a 'java/lang/ArrayIndexOutOfBoundsException': -1> (0x00000007ab09f6c0) thrown at [/Users/java_re/workspace/8-2-build-macosx-x86_64/jdk8u45/3457/hotspot/src/share/vm/interpreter/interpreterRuntime.cpp, line 366]
Event: 11.753 Thread 0x00007fd7e482d000 Exception <a 'java/lang/ArrayIndexOutOfBoundsException': -1> (0x00000007ab09f8a0) thrown at [/Users/java_re/workspace/8-2-build-macosx-x86_64/jdk8u45/3457/hotspot/src/share/vm/interpreter/interpreterRuntime.cpp, line 366]
Event: 27.044 Thread 0x00007fd7e3075800 Exception <a 'java/lang/NullPointerException'> (0x00000007ab2e9040) thrown at [/Users/java_re/workspace/8-2-build-macosx-x86_64/jdk8u45/3457/hotspot/src/share/vm/prims/jvm.cpp, line 1386]
Event: 29.996 Thread 0x00007fd7e3075800 Exception <a 'java/lang/NullPointerException'> (0x00000007ab3b40b8) thrown at [/Users/java_re/workspace/8-2-build-macosx-x86_64/jdk8u45/3457/hotspot/src/share/vm/prims/jvm.cpp, line 1386]
Event: 30.836 Thread 0x00007fd7e3075800 Exception <a 'java/lang/NullPointerException'> (0x00000007ab3d3d30) thrown at [/Users/java_re/workspace/8-2-build-macosx-x86_64/jdk8u45/3457/hotspot/src/share/vm/prims/jvm.cpp, line 1386]
Event: 32.354 Thread 0x00007fd7e3075800 Exception <a 'java/lang/NullPointerException'> (0x00000007ab53ec60) thrown at [/Users/java_re/workspace/8-2-build-macosx-x86_64/jdk8u45/3457/hotspot/src/share/vm/prims/jvm.cpp, line 1386]
Event: 32.936 Thread 0x00007fd7e3075800 Exception <a 'java/lang/NullPointerException'> (0x00000007ab56a570) thrown at [/Users/java_re/workspace/8-2-build-macosx-x86_64/jdk8u45/3457/hotspot/src/share/vm/prims/jvm.cpp, line 1386]
Event: 336.342 Thread 0x00007fd7e79ef000 Implicit null exception at 0x000000010b462d4f to 0x000000010b462e2d

Events (10 events):
Event: 336.342 Thread 0x00007fd7e79ef000 DEOPT PACKING pc=0x000000010b462e40 sp=0x00000001206c53a0
Event: 336.342 Thread 0x00007fd7e79ef000 DEOPT UNPACKING pc=0x000000010ac05229 sp=0x00000001206c5360 mode 2
Event: 336.350 Executing VM operation: RevokeBias
Event: 336.350 Executing VM operation: RevokeBias done
Event: 336.350 Executing VM operation: RevokeBias
Event: 336.350 Executing VM operation: RevokeBias done
Event: 336.350 Executing VM operation: RevokeBias
Event: 336.350 Executing VM operation: RevokeBias done
Event: 336.350 Thread 0x00007fd7e79ef000 Thread exited: 0x00007fd7e79ef000
Event: 336.351 Thread 0x00007fd7e7a2e000 Thread exited: 0x00007fd7e7a2e000


Dynamic libraries:
0x0000000000468000 	/System/Library/Frameworks/Cocoa.framework/Versions/A/Cocoa
0x0000000000468000 	/System/Library/Frameworks/Security.framework/Versions/A/Security
0x0000000000468000 	/System/Library/Frameworks/ApplicationServices.framework/Versions/A/ApplicationServices
0x0000000000468000 	/usr/lib/libz.1.dylib
0x0000000000468000 	/usr/lib/libSystem.B.dylib
0x0000000000468000 	/usr/lib/libobjc.A.dylib
0x0000000000468000 	/System/Library/Frameworks/CoreFoundation.framework/Versions/A/CoreFoundation
0x0000000000468000 	/System/Library/Frameworks/Foundation.framework/Versions/C/Foundation
0x0000000000468000 	/System/Library/Frameworks/AppKit.framework/Versions/C/AppKit
0x0000000000468000 	/System/Library/Frameworks/CoreData.framework/Versions/A/CoreData
0x0000000000468000 	/System/Library/PrivateFrameworks/RemoteViewServices.framework/Versions/A/RemoteViewServices
0x0000000000468000 	/System/Library/PrivateFrameworks/UIFoundation.framework/Versions/A/UIFoundation
0x0000000000468000 	/System/Library/Frameworks/IOSurface.framework/Versions/A/IOSurface
0x0000000000468000 	/System/Library/Frameworks/AudioToolbox.framework/Versions/A/AudioToolbox
0x0000000000468000 	/System/Library/Frameworks/AudioUnit.framework/Versions/A/AudioUnit
0x0000000000468000 	/System/Library/PrivateFrameworks/DataDetectorsCore.framework/Versions/A/DataDetectorsCore
0x0000000000468000 	/System/Library/PrivateFrameworks/DesktopServicesPriv.framework/Versions/A/DesktopServicesPriv
0x0000000000468000 	/System/Library/Frameworks/Carbon.framework/Versions/A/Frameworks/HIToolbox.framework/Versions/A/HIToolbox
0x0000000000468000 	/System/Library/Frameworks/QuartzCore.framework/Versions/A/QuartzCore
0x0000000000468000 	/System/Library/Frameworks/Carbon.framework/Versions/A/Frameworks/SpeechRecognition.framework/Versions/A/SpeechRecognition
0x0000000000468000 	/usr/lib/libauto.dylib
0x0000000000468000 	/usr/lib/libicucore.A.dylib
0x0000000000468000 	/usr/lib/libxml2.2.dylib
0x0000000000468000 	/System/Library/PrivateFrameworks/CoreUI.framework/Versions/A/CoreUI
0x0000000000468000 	/System/Library/Frameworks/CoreAudio.framework/Versions/A/CoreAudio
0x0000000000468000 	/System/Library/Frameworks/DiskArbitration.framework/Versions/A/DiskArbitration
0x0000000000468000 	/usr/lib/liblangid.dylib
0x0000000000468000 	/System/Library/PrivateFrameworks/MultitouchSupport.framework/Versions/A/MultitouchSupport
0x0000000000468000 	/System/Library/Frameworks/IOKit.framework/Versions/A/IOKit
0x0000000000468000 	/usr/lib/libDiagnosticMessagesClient.dylib
0x0000000000468000 	/System/Library/Frameworks/CoreServices.framework/Versions/A/CoreServices
0x0000000000468000 	/System/Library/PrivateFrameworks/PerformanceAnalysis.framework/Versions/A/PerformanceAnalysis
0x0000000000468000 	/System/Library/PrivateFrameworks/GenerationalStorage.framework/Versions/A/GenerationalStorage
0x0000000000468000 	/System/Library/Frameworks/OpenGL.framework/Versions/A/OpenGL
0x0000000000468000 	/System/Library/PrivateFrameworks/Sharing.framework/Versions/A/Sharing
0x0000000000468000 	/System/Library/Frameworks/CoreGraphics.framework/Versions/A/CoreGraphics
0x0000000000468000 	/System/Library/Frameworks/CoreText.framework/Versions/A/CoreText
0x0000000000468000 	/System/Library/Frameworks/ImageIO.framework/Versions/A/ImageIO
0x0000000000468000 	/usr/lib/libextension.dylib
0x0000000000468000 	/System/Library/PrivateFrameworks/Backup.framework/Versions/A/Backup
0x0000000000468000 	/usr/lib/libarchive.2.dylib
0x0000000000468000 	/System/Library/Frameworks/CFNetwork.framework/Versions/A/CFNetwork
0x0000000000468000 	/System/Library/Frameworks/SystemConfiguration.framework/Versions/A/SystemConfiguration
0x0000000000468000 	/usr/lib/libCRFSuite.dylib
0x0000000000468000 	/usr/lib/libc++.1.dylib
0x0000000000468000 	/usr/lib/libc++abi.dylib
0x0000000000468000 	/usr/lib/system/libcache.dylib
0x0000000000468000 	/usr/lib/system/libcommonCrypto.dylib
0x0000000000468000 	/usr/lib/system/libcompiler_rt.dylib
0x0000000000468000 	/usr/lib/system/libcopyfile.dylib
0x0000000000468000 	/usr/lib/system/libcorecrypto.dylib
0x0000000000468000 	/usr/lib/system/libdispatch.dylib
0x0000000000468000 	/usr/lib/system/libdyld.dylib
0x0000000000468000 	/usr/lib/system/libkeymgr.dylib
0x0000000000468000 	/usr/lib/system/liblaunch.dylib
0x0000000000468000 	/usr/lib/system/libmacho.dylib
0x0000000000468000 	/usr/lib/system/libquarantine.dylib
0x0000000000468000 	/usr/lib/system/libremovefile.dylib
0x0000000000468000 	/usr/lib/system/libsystem_asl.dylib
0x0000000000468000 	/usr/lib/system/libsystem_blocks.dylib
0x0000000000468000 	/usr/lib/system/libsystem_c.dylib
0x0000000000468000 	/usr/lib/system/libsystem_configuration.dylib
0x0000000000468000 	/usr/lib/system/libsystem_coreservices.dylib
0x0000000000468000 	/usr/lib/system/libsystem_coretls.dylib
0x0000000000468000 	/usr/lib/system/libsystem_dnssd.dylib
0x0000000000468000 	/usr/lib/system/libsystem_info.dylib
0x0000000000468000 	/usr/lib/system/libsystem_kernel.dylib
0x0000000000468000 	/usr/lib/system/libsystem_m.dylib
0x0000000000468000 	/usr/lib/system/libsystem_malloc.dylib
0x0000000000468000 	/usr/lib/system/libsystem_network.dylib
0x0000000000468000 	/usr/lib/system/libsystem_networkextension.dylib
0x0000000000468000 	/usr/lib/system/libsystem_notify.dylib
0x0000000000468000 	/usr/lib/system/libsystem_platform.dylib
0x0000000000468000 	/usr/lib/system/libsystem_pthread.dylib
0x0000000000468000 	/usr/lib/system/libsystem_sandbox.dylib
0x0000000000468000 	/usr/lib/system/libsystem_secinit.dylib
0x0000000000468000 	/usr/lib/system/libsystem_stats.dylib
0x0000000000468000 	/usr/lib/system/libsystem_trace.dylib
0x0000000000468000 	/usr/lib/system/libunc.dylib
0x0000000000468000 	/usr/lib/system/libunwind.dylib
0x0000000000468000 	/usr/lib/system/libxpc.dylib
0x0000000000468000 	/usr/lib/libbz2.1.0.dylib
0x0000000000468000 	/usr/lib/liblzma.5.dylib
0x0000000000468000 	/usr/lib/libbsm.0.dylib
0x0000000000468000 	/usr/lib/libsqlite3.dylib
0x0000000000468000 	/usr/lib/system/libkxld.dylib
0x0000000000468000 	/usr/lib/libxar.1.dylib
0x0000000000468000 	/usr/lib/libpam.2.dylib
0x0000000000468000 	/usr/lib/libOpenScriptingUtil.dylib
0x0000000000468000 	/System/Library/Frameworks/CoreServices.framework/Versions/A/Frameworks/FSEvents.framework/Versions/A/FSEvents
0x0000000000468000 	/System/Library/Frameworks/CoreServices.framework/Versions/A/Frameworks/CarbonCore.framework/Versions/A/CarbonCore
0x0000000000468000 	/System/Library/Frameworks/CoreServices.framework/Versions/A/Frameworks/Metadata.framework/Versions/A/Metadata
0x0000000000468000 	/System/Library/Frameworks/CoreServices.framework/Versions/A/Frameworks/OSServices.framework/Versions/A/OSServices
0x0000000000468000 	/System/Library/Frameworks/CoreServices.framework/Versions/A/Frameworks/SearchKit.framework/Versions/A/SearchKit
0x0000000000468000 	/System/Library/Frameworks/CoreServices.framework/Versions/A/Frameworks/AE.framework/Versions/A/AE
0x0000000000468000 	/System/Library/Frameworks/CoreServices.framework/Versions/A/Frameworks/LaunchServices.framework/Versions/A/LaunchServices
0x0000000000468000 	/System/Library/Frameworks/CoreServices.framework/Versions/A/Frameworks/DictionaryServices.framework/Versions/A/DictionaryServices
0x0000000000468000 	/System/Library/Frameworks/NetFS.framework/Versions/A/NetFS
0x0000000000468000 	/System/Library/PrivateFrameworks/NetAuth.framework/Versions/A/NetAuth
0x0000000000468000 	/System/Library/PrivateFrameworks/login.framework/Versions/A/Frameworks/loginsupport.framework/Versions/A/loginsupport
0x0000000000468000 	/System/Library/PrivateFrameworks/TCC.framework/Versions/A/TCC
0x0000000000468000 	/usr/lib/libmecabra.dylib
0x0000000000468000 	/System/Library/Frameworks/ApplicationServices.framework/Versions/A/Frameworks/ATS.framework/Versions/A/ATS
0x0000000000468000 	/System/Library/Frameworks/ApplicationServices.framework/Versions/A/Frameworks/ColorSync.framework/Versions/A/ColorSync
0x0000000000468000 	/System/Library/Frameworks/ApplicationServices.framework/Versions/A/Frameworks/HIServices.framework/Versions/A/HIServices
0x0000000000468000 	/System/Library/Frameworks/ApplicationServices.framework/Versions/A/Frameworks/LangAnalysis.framework/Versions/A/LangAnalysis
0x0000000000468000 	/System/Library/Frameworks/ApplicationServices.framework/Versions/A/Frameworks/PrintCore.framework/Versions/A/PrintCore
0x0000000000468000 	/System/Library/Frameworks/ApplicationServices.framework/Versions/A/Frameworks/QD.framework/Versions/A/QD
0x0000000000468000 	/System/Library/Frameworks/ApplicationServices.framework/Versions/A/Frameworks/SpeechSynthesis.framework/Versions/A/SpeechSynthesis
0x0000000000468000 	/System/Library/Frameworks/Accelerate.framework/Versions/A/Accelerate
0x0000000000468000 	/System/Library/Frameworks/Accelerate.framework/Versions/A/Frameworks/vImage.framework/Versions/A/vImage
0x0000000000468000 	/System/Library/Frameworks/Accelerate.framework/Versions/A/Frameworks/vecLib.framework/Versions/A/vecLib
0x0000000000468000 	/System/Library/Frameworks/Accelerate.framework/Versions/A/Frameworks/vecLib.framework/Versions/A/libvDSP.dylib
0x0000000000468000 	/System/Library/Frameworks/Accelerate.framework/Versions/A/Frameworks/vecLib.framework/Versions/A/libvMisc.dylib
0x0000000000468000 	/System/Library/Frameworks/Accelerate.framework/Versions/A/Frameworks/vecLib.framework/Versions/A/libLAPACK.dylib
0x0000000000468000 	/System/Library/Frameworks/Accelerate.framework/Versions/A/Frameworks/vecLib.framework/Versions/A/libBLAS.dylib
0x0000000000468000 	/System/Library/Frameworks/Accelerate.framework/Versions/A/Frameworks/vecLib.framework/Versions/A/libLinearAlgebra.dylib
0x0000000000468000 	/System/Library/Frameworks/ApplicationServices.framework/Versions/A/Frameworks/ATS.framework/Versions/A/Resources/libFontParser.dylib
0x0000000000468000 	/System/Library/Frameworks/ApplicationServices.framework/Versions/A/Frameworks/ATS.framework/Versions/A/Resources/libFontRegistry.dylib
0x0000000000468000 	/System/Library/PrivateFrameworks/AppleVPA.framework/Versions/A/AppleVPA
0x0000000000468000 	/System/Library/PrivateFrameworks/AppleJPEG.framework/Versions/A/AppleJPEG
0x0000000000468000 	/System/Library/Frameworks/ImageIO.framework/Versions/A/Resources/libJPEG.dylib
0x0000000000468000 	/System/Library/Frameworks/ImageIO.framework/Versions/A/Resources/libTIFF.dylib
0x0000000000468000 	/System/Library/Frameworks/ImageIO.framework/Versions/A/Resources/libPng.dylib
0x0000000000468000 	/System/Library/Frameworks/ImageIO.framework/Versions/A/Resources/libGIF.dylib
0x0000000000468000 	/System/Library/Frameworks/ImageIO.framework/Versions/A/Resources/libJP2.dylib
0x0000000000468000 	/System/Library/Frameworks/ImageIO.framework/Versions/A/Resources/libRadiance.dylib
0x0000000000468000 	/System/Library/Frameworks/CoreVideo.framework/Versions/A/CoreVideo
0x0000000000468000 	/System/Library/Frameworks/OpenGL.framework/Versions/A/Libraries/libGLU.dylib
0x0000000000468000 	/System/Library/Frameworks/OpenGL.framework/Versions/A/Libraries/libGFXShared.dylib
0x0000000000468000 	/System/Library/Frameworks/OpenGL.framework/Versions/A/Libraries/libGL.dylib
0x0000000000468000 	/System/Library/Frameworks/OpenGL.framework/Versions/A/Libraries/libGLImage.dylib
0x0000000000468000 	/System/Library/Frameworks/OpenGL.framework/Versions/A/Libraries/libCVMSPluginSupport.dylib
0x0000000000468000 	/System/Library/Frameworks/OpenGL.framework/Versions/A/Libraries/libCoreVMClient.dylib
0x0000000000468000 	/usr/lib/libcups.2.dylib
0x0000000000468000 	/System/Library/Frameworks/Kerberos.framework/Versions/A/Kerberos
0x0000000000468000 	/System/Library/Frameworks/GSS.framework/Versions/A/GSS
0x0000000000468000 	/usr/lib/libresolv.9.dylib
0x0000000000468000 	/usr/lib/libiconv.2.dylib
0x0000000000468000 	/System/Library/PrivateFrameworks/Heimdal.framework/Versions/A/Heimdal
0x0000000000468000 	/usr/lib/libheimdal-asn1.dylib
0x0000000000468000 	/System/Library/Frameworks/OpenDirectory.framework/Versions/A/OpenDirectory
0x0000000000468000 	/System/Library/PrivateFrameworks/CommonAuth.framework/Versions/A/CommonAuth
0x0000000000468000 	/System/Library/Frameworks/OpenDirectory.framework/Versions/A/Frameworks/CFOpenDirectory.framework/Versions/A/CFOpenDirectory
0x0000000000468000 	/System/Library/Frameworks/SecurityFoundation.framework/Versions/A/SecurityFoundation
0x0000000000468000 	/System/Library/PrivateFrameworks/LanguageModeling.framework/Versions/A/LanguageModeling
0x0000000000468000 	/usr/lib/libcmph.dylib
0x0000000000468000 	/System/Library/Frameworks/ServiceManagement.framework/Versions/A/ServiceManagement
0x0000000000468000 	/usr/lib/libxslt.1.dylib
0x0000000000468000 	/System/Library/Frameworks/Carbon.framework/Versions/A/Frameworks/Ink.framework/Versions/A/Ink
0x0000000000468000 	/System/Library/Frameworks/QuartzCore.framework/Versions/A/Frameworks/CoreImage.framework/Versions/A/CoreImage
0x0000000000468000 	/System/Library/PrivateFrameworks/CrashReporterSupport.framework/Versions/A/CrashReporterSupport
0x0000000000468000 	/System/Library/Frameworks/OpenCL.framework/Versions/A/OpenCL
0x0000000000468000 	/System/Library/PrivateFrameworks/FaceCore.framework/Versions/A/FaceCore
0x0000000000468000 	/System/Library/PrivateFrameworks/Ubiquity.framework/Versions/A/Ubiquity
0x0000000000468000 	/System/Library/PrivateFrameworks/IconServices.framework/Versions/A/IconServices
0x0000000000468000 	/System/Library/PrivateFrameworks/ChunkingLibrary.framework/Versions/A/ChunkingLibrary
0x0000000000468000 	/System/Library/PrivateFrameworks/Apple80211.framework/Versions/A/Apple80211
0x0000000000468000 	/System/Library/Frameworks/CoreWLAN.framework/Versions/A/CoreWLAN
0x0000000000468000 	/System/Library/Frameworks/IOBluetooth.framework/Versions/A/IOBluetooth
0x0000000000468000 	/System/Library/PrivateFrameworks/CoreWiFi.framework/Versions/A/CoreWiFi
0x0000000000468000 	/System/Library/Frameworks/CoreBluetooth.framework/Versions/A/CoreBluetooth
0x0000000000468000 	/System/Library/PrivateFrameworks/DebugSymbols.framework/Versions/A/DebugSymbols
0x0000000000468000 	/System/Library/PrivateFrameworks/CoreSymbolication.framework/Versions/A/CoreSymbolication
0x0000000000468000 	/System/Library/PrivateFrameworks/Symbolication.framework/Versions/A/Symbolication
0x0000000000468000 	/System/Library/PrivateFrameworks/SpeechRecognitionCore.framework/Versions/A/SpeechRecognitionCore
0x00000001091fd000 	/Library/Java/JavaVirtualMachines/jdk1.8.0_45.jdk/Contents/Home/jre/lib/server/libjvm.dylib
0x0000000000468000 	/usr/lib/libstdc++.6.dylib
0x000000010a280000 	/Library/Java/JavaVirtualMachines/jdk1.8.0_45.jdk/Contents/Home/jre/lib/libverify.dylib
0x000000010a28e000 	/Library/Java/JavaVirtualMachines/jdk1.8.0_45.jdk/Contents/Home/jre/lib/libjava.dylib
0x000000010a2cd000 	/Library/Java/JavaVirtualMachines/jdk1.8.0_45.jdk/Contents/Home/jre/lib/libzip.dylib
0x000000011e5cf000 	/System/Library/Frameworks/JavaVM.framework/Frameworks/JavaRuntimeSupport.framework/JavaRuntimeSupport
0x000000011e5e7000 	/System/Library/Frameworks/JavaVM.framework/Versions/A/Frameworks/JavaNativeFoundation.framework/Versions/A/JavaNativeFoundation
0x000000010a3ed000 	/System/Library/Frameworks/JavaVM.framework/Versions/A/JavaVM
0x0000000000468000 	/System/Library/Frameworks/Carbon.framework/Versions/A/Carbon
0x000000011e5fc000 	/System/Library/PrivateFrameworks/JavaLaunching.framework/Versions/A/JavaLaunching
0x0000000000468000 	/System/Library/Frameworks/Carbon.framework/Versions/A/Frameworks/CommonPanels.framework/Versions/A/CommonPanels
0x0000000000468000 	/System/Library/Frameworks/Carbon.framework/Versions/A/Frameworks/Help.framework/Versions/A/Help
0x0000000000468000 	/System/Library/Frameworks/Carbon.framework/Versions/A/Frameworks/ImageCapture.framework/Versions/A/ImageCapture
0x0000000000468000 	/System/Library/Frameworks/Carbon.framework/Versions/A/Frameworks/OpenScripting.framework/Versions/A/OpenScripting
0x0000000000468000 	/System/Library/Frameworks/Carbon.framework/Versions/A/Frameworks/Print.framework/Versions/A/Print
0x0000000000468000 	/System/Library/Frameworks/Carbon.framework/Versions/A/Frameworks/SecurityHI.framework/Versions/A/SecurityHI
0x00000001206c9000 	/Library/Java/JavaVirtualMachines/jdk1.8.0_45.jdk/Contents/Home/jre/lib/libprism_es2.dylib
0x0000000000468000 	/System/Library/Frameworks/OpenGL.framework/Versions/A/Resources/GLEngine.bundle/GLEngine
0x0000000000468000 	/System/Library/Frameworks/OpenGL.framework/Versions/A/Libraries/libGLProgrammability.dylib
0x000000012074a000 	/System/Library/Extensions/AppleIntelHD5000GraphicsGLDriver.bundle/Contents/MacOS/AppleIntelHD5000GraphicsGLDriver
0x0000000000468000 	/System/Library/PrivateFrameworks/IOAccelerator.framework/Versions/A/IOAccelerator
0x0000000000468000 	/System/Library/PrivateFrameworks/GPUSupport.framework/Versions/A/Libraries/libGPUSupportMercury.dylib
0x0000000000468000 	/System/Library/Frameworks/OpenGL.framework/Versions/A/Resources/GLRendererFloat.bundle/GLRendererFloat
0x0000000000468000 	/System/Library/Frameworks/OpenCL.framework/Versions/A/Libraries/libcldcpuengine.dylib
0x0000000000468000 	/System/Library/PrivateFrameworks/DiskImages.framework/Versions/A/DiskImages
0x0000000000468000 	/System/Library/Frameworks/DiscRecording.framework/Versions/A/DiscRecording
0x0000000000468000 	/usr/lib/libcsfde.dylib
0x0000000000468000 	/usr/lib/libcurl.4.dylib
0x0000000000468000 	/System/Library/PrivateFrameworks/MediaKit.framework/Versions/A/MediaKit
0x0000000000468000 	/System/Library/PrivateFrameworks/ProtectedCloudStorage.framework/Versions/A/ProtectedCloudStorage
0x0000000000468000 	/usr/lib/libCoreStorage.dylib
0x0000000000468000 	/System/Library/PrivateFrameworks/EFILogin.framework/Versions/A/EFILogin
0x0000000000468000 	/usr/lib/libutil.dylib
0x0000000000468000 	/System/Library/PrivateFrameworks/FindMyDevice.framework/Versions/A/FindMyDevice
0x0000000000468000 	/System/Library/Frameworks/LDAP.framework/Versions/A/LDAP
0x0000000000468000 	/usr/lib/libsasl2.2.dylib
0x0000000000468000 	/System/Library/PrivateFrameworks/CoreDaemon.framework/Versions/B/CoreDaemon
0x0000000000468000 	/usr/lib/libcrypto.0.9.8.dylib
0x0000000000468000 	/System/Library/PrivateFrameworks/AppleSRP.framework/Versions/A/AppleSRP
0x0000000000468000 	/System/Library/PrivateFrameworks/TrustEvaluationAgent.framework/Versions/A/TrustEvaluationAgent
0x0000000121261000 	/Library/Java/JavaVirtualMachines/jdk1.8.0_45.jdk/Contents/Home/jre/lib/libglass.dylib
0x0000000000468000 	/System/Library/PrivateFrameworks/CoreServicesInternal.framework/Versions/A/CoreServicesInternal
0x0000000000468000 	/System/Library/PrivateFrameworks/CloudDocs.framework/Versions/A/CloudDocs
0x0000000000468000 	/System/Library/PrivateFrameworks/CoreDuet.framework/Versions/A/CoreDuet
0x0000000000468000 	/System/Library/Frameworks/CloudKit.framework/Versions/A/CloudKit
0x0000000000468000 	/System/Library/PrivateFrameworks/ProtocolBuffer.framework/Versions/A/ProtocolBuffer
0x0000000000468000 	/System/Library/PrivateFrameworks/CoreDuetDaemonProtocol.framework/Versions/A/CoreDuetDaemonProtocol
0x0000000000468000 	/System/Library/PrivateFrameworks/CoreDuetDebugLogging.framework/Versions/A/CoreDuetDebugLogging
0x0000000000468000 	/System/Library/PrivateFrameworks/MMCS.framework/Versions/A/MMCS
0x0000000000468000 	/System/Library/Frameworks/CoreLocation.framework/Versions/A/CoreLocation
0x0000000000468000 	/System/Library/PrivateFrameworks/GeoServices.framework/Versions/A/GeoServices
0x0000000000468000 	/System/Library/Frameworks/CoreGraphics.framework/Versions/A/Resources/libCGCMS.A.dylib
0x0000000000468000 	/System/Library/CoreServices/RawCamera.bundle/Contents/MacOS/RawCamera
0x0000000000468000 	/System/Library/Frameworks/CoreGraphics.framework/Versions/A/Resources/libRIP.A.dylib
0x0000000000468000 	/System/Library/PrivateFrameworks/FamilyControls.framework/Versions/A/FamilyControls
0x0000000000468000 	/System/Library/PrivateFrameworks/CommerceKit.framework/Versions/A/Frameworks/CommerceCore.framework/Versions/A/CommerceCore
0x0000000000468000 	/System/Library/PrivateFrameworks/SystemAdministration.framework/Versions/A/SystemAdministration
0x0000000000468000 	/System/Library/PrivateFrameworks/AppContainer.framework/Versions/A/AppContainer
0x0000000000468000 	/System/Library/PrivateFrameworks/SecCodeWrapper.framework/Versions/A/SecCodeWrapper
0x0000000000468000 	/System/Library/Frameworks/DirectoryService.framework/Versions/A/DirectoryService
0x0000000000468000 	/System/Library/PrivateFrameworks/LoginUIKit.framework/Versions/A/Frameworks/LoginUICore.framework/Versions/A/LoginUICore
0x0000000000468000 	/usr/lib/libodfde.dylib
0x00000001252bc000 	/Library/Java/JavaVirtualMachines/jdk1.8.0_45.jdk/Contents/Home/jre/lib/libjavafx_font.dylib
0x0000000000468000 	/System/Library/Frameworks/CoreGraphics.framework/Versions/A/Resources/libCGXType.A.dylib
0x0000000127dc3000 	cl_kernels
0x000000012a757000 	/System/Library/Frameworks/OpenCL.framework/Versions/A/Libraries/ImageFormats/unorm8_bgra.dylib
0x000000012a88f000 	cl_kernels
0x000000012d525000 	/Library/Java/JavaVirtualMachines/jdk1.8.0_45.jdk/Contents/Home/jre/lib/libprism_common.dylib
0x000000012e081000 	/Library/Java/JavaVirtualMachines/jdk1.8.0_45.jdk/Contents/Home/jre/lib/libnio.dylib
0x000000012e091000 	/Library/Java/JavaVirtualMachines/jdk1.8.0_45.jdk/Contents/Home/jre/lib/./libnet.dylib

VM Arguments:
jvm_args: -Dfile.encoding=UTF-8 
java_command: /Users/weichaozhao/NetBeansProjects/ePortfolioGenerator/dist/run2008852613/ePortfolioGenerator.jar
java_class_path (initial): /Users/weichaozhao/NetBeansProjects/ePortfolioGenerator/dist/run2008852613/ePortfolioGenerator.jar
Launcher Type: SUN_STANDARD

Environment Variables:
PATH=/usr/bin:/bin:/usr/sbin:/sbin
LD_LIBRARY_PATH=/Library/Java/JavaVirtualMachines/jdk1.8.0_45.jdk/Contents/Home/jre/lib/amd64:/Library/Java/JavaVirtualMachines/jdk1.8.0_45.jdk/Contents/Home/jre/lib/i386:
SHELL=/bin/bash
DYLD_LIBRARY_PATH=/Applications/NetBeans/NetBeans 8.0.2.app/Contents/Resources/NetBeans/webcommon/bin:

Signal Handlers:
SIGSEGV: [libjvm.dylib+0x58ef95], sa_mask[0]=11111111011111110111111111111111, sa_flags=SA_ONSTACK|SA_RESTART|SA_SIGINFO
SIGBUS: [libjvm.dylib+0x58ef95], sa_mask[0]=11111111011111110111111111111111, sa_flags=SA_RESTART|SA_SIGINFO
SIGFPE: [libjvm.dylib+0x46c108], sa_mask[0]=11111111011111110111111111111111, sa_flags=SA_RESTART|SA_SIGINFO
SIGPIPE: [libjvm.dylib+0x46c108], sa_mask[0]=11111111011111110111111111111111, sa_flags=SA_RESTART|SA_SIGINFO
SIGXFSZ: [libjvm.dylib+0x46c108], sa_mask[0]=11111111011111110111111111111111, sa_flags=SA_RESTART|SA_SIGINFO
SIGILL: [libjvm.dylib+0x46c108], sa_mask[0]=11111111011111110111111111111111, sa_flags=SA_RESTART|SA_SIGINFO
SIGUSR1: SIG_DFL, sa_mask[0]=00000000000000000000000000000000, sa_flags=none
SIGUSR2: [libjvm.dylib+0x46bc26], sa_mask[0]=00100000000000000000000000000000, sa_flags=SA_RESTART|SA_SIGINFO
SIGHUP: [libjvm.dylib+0x46a1f9], sa_mask[0]=11111111011111110111111111111111, sa_flags=SA_RESTART|SA_SIGINFO
SIGINT: SIG_IGN, sa_mask[0]=00000000000000000000000000000000, sa_flags=none
SIGTERM: [libjvm.dylib+0x46a1f9], sa_mask[0]=11111111011111110111111111111111, sa_flags=SA_RESTART|SA_SIGINFO
SIGQUIT: [libjvm.dylib+0x46a1f9], sa_mask[0]=11111111011111110111111111111111, sa_flags=SA_RESTART|SA_SIGINFO


---------------  S Y S T E M  ---------------

OS:Bsduname:Darwin 14.5.0 Darwin Kernel Version 14.5.0: Tue Sep  1 21:23:09 PDT 2015; root:xnu-2782.50.1~1/RELEASE_X86_64 x86_64
rlimit: STACK 8192k, CORE 0k, NPROC 709, NOFILE 10240, AS infinity
load average:2.07 1.94 2.25

CPU:total 4 (2 cores per cpu, 2 threads per core) family 6 model 69 stepping 1, cmov, cx8, fxsr, mmx, sse, sse2, sse3, ssse3, sse4.1, sse4.2, popcnt, avx, avx2, aes, clmul, erms, lzcnt, ht, tsc, tscinvbit, bmi1, bmi2

Memory: 4k page, physical 4194304k(304808k free)

/proc/meminfo:


vm_info: Java HotSpot(TM) 64-Bit Server VM (25.45-b02) for bsd-amd64 JRE (1.8.0_45-b14), built on Apr 10 2015 10:46:38 by "java_re" with gcc 4.2.1 (Based on Apple Inc. build 5658) (LLVM build 2336.11.00)

time: Sun Dec  6 06:47:50 2015
elapsed time: 336 seconds (0d 0h 5m 36s)

