#
# A fatal error has been detected by the Java Runtime Environment:
#
#  SIGSEGV (0xb) at pc=0x000000012546b511, pid=2595, tid=1811
#
# JRE version: Java(TM) SE Runtime Environment (8.0_45-b14) (build 1.8.0_45-b14)
# Java VM: Java HotSpot(TM) 64-Bit Server VM (25.45-b02 mixed mode bsd-amd64 compressed oops)
# Problematic frame:
# C  [libglass.dylib+0x15511]  GlassScreenDidChangeScreenParameters+0x21
#
# Failed to write core dump. Core dumps have been disabled. To enable core dumping, try "ulimit -c unlimited" before starting Java again
#
# If you would like to submit a bug report, please visit:
#   http://bugreport.java.com/bugreport/crash.jsp
#

---------------  T H R E A D  ---------------

Current thread is native thread

siginfo: si_signo: 11 (SIGSEGV), si_code: 1 (SEGV_MAPERR), si_addr: 0x0000000000000000

Registers:
RAX=0x000000012549dac8, RBX=0x0000000000000000, RCX=0x39006a87db196801, RDX=0x00007fff70e991f8
RSP=0x00007fff5293af40, RBP=0x00007fff5293af50, RSI=0x00007fea2a405660, RDI=0x0000000000000000
R8 =0x00007fff5293adf0, R9 =0x00007fff7092e300, R10=0x0000000000000000, R11=0x0000000000000246
R12=0x00007fea2a5283b0, R13=0x00000000000f426a, R14=0x00007fea2a46bc00, R15=0x00007fff5293b090
RIP=0x000000012546b511, EFLAGS=0x0000000000010246, ERR=0x0000000000000004
  TRAPNO=0x000000000000000e

Top of Stack: (sp=0x00007fff5293af40)
0x00007fff5293af40:   00007fff5293b120 00007fea2a46bc00
0x00007fff5293af50:   00007fff5293af60 00007fff8db7445c
0x00007fff5293af60:   00007fff5293b2c0 00007fff8da64634
0x00007fff5293af70:   00007fff5293afc0 0000000000000a00
0x00007fff5293af80:   00007fff725bced0 00007fea2a753b60
0x00007fff5293af90:   0000000000001001 0000000000000270
0x00007fff5293afa0:   00007fea2a753b60 00007fea2a46bc00
0x00007fff5293afb0:   0000000000000000 00007fff5293b090
0x00007fff5293afc0:   0000000000000000 00007fea2a46bbc0
0x00007fff5293afd0:   00007fff5293b110 000000000000001a
0x00007fff5293afe0:   00000000000f4288 00007fea2a647f40
0x00007fff5293aff0:   00007fea2a74c200 00007fea2a5283b0
0x00007fff5293b000:   0000000000000001 00000000000f426a
0x00007fff5293b010:   00007fea2a5283a0 00007fff88bdcb90
0x00007fff5293b020:   0000000000000001 0000000000000001
0x00007fff5293b030:   0000000000000030 0000000000000001
0x00007fff5293b040:   000000010d2e0a00 0000000000000002
0x00007fff5293b050:   000000010d2dd000 00007fea2a645bc2
0x00007fff5293b060:   0000000000000004 0000000000000003
0x00007fff5293b070:   0000310388bdadd2 00007fea2a5283d4
0x00007fff5293b080:   0000000000000000 00007fff8da5a10f
0x00007fff5293b090:   00007fea2a46bc00 00007fff725bafb0
0x00007fff5293b0a0:   000000010d2e0a00 00007fff8da62c3f
0x00007fff5293b0b0:   00007fff5293b110 00007fff71943b10
0x00007fff5293b0c0:   000000010d2e0a00 0000000000000002
0x00007fff5293b0d0:   000000010d2dd000 00007fea2a645bc2
0x00007fff5293b0e0:   0000000000000003 000000010d2e1400
0x00007fff5293b0f0:   00007fff5293b1e0 00007fff88bd9b36
0x00007fff5293b100:   000000002a74bd70 000000010d2dd000
0x00007fff5293b110:   0000000000000017 0000000000000000
0x00007fff5293b120:   00000000000f426a 00007fff8da5ffff
0x00007fff5293b130:   00007fff00000000 0000000000000000 

Instructions: (pc=0x000000012546b511)
0x000000012546b4f1:   48 89 e5 41 56 53 48 8d 05 c2 26 03 00 48 83 38
0x000000012546b501:   00 48 89 fb 75 72 48 8d 05 ba 25 03 00 48 8b 30
0x000000012546b511:   48 8b 03 48 8d 15 6c 9a 01 00 48 8d 0d 86 6f 01
0x000000012546b521:   00 48 89 df ff 90 88 03 00 00 48 8d 0d 8e 26 03 

Register to memory mapping:

RAX=0x000000012549dac8: jScreenClass+0 in /Library/Java/JavaVirtualMachines/jdk1.8.0_45.jdk/Contents/Home/jre/lib/libglass.dylib at 0x0000000125456000
RBX=0x0000000000000000 is an unknown value
RCX=0x39006a87db196801 is an unknown value
RDX=0x00007fff70e991f8: __sFX+0x1c8 in /usr/lib/system/libsystem_c.dylib at 0x00007fff8396a000
RSP=0x00007fff5293af40 is an unknown value
RBP=0x00007fff5293af50 is an unknown value
RSI=0x00007fea2a405660 is a global jni handle
RDI=0x0000000000000000 is an unknown value
R8 =0x00007fff5293adf0 is an unknown value
R9 =0x00007fff7092e300: _thread+0 in /usr/lib/system/libsystem_pthread.dylib at 0x00007fff8160b000
R10=0x0000000000000000 is an unknown value
R11=0x0000000000000246 is an unknown value
R12=0x00007fea2a5283b0 is an unknown value
R13=0x00000000000f426a is an unknown value
R14=0x00007fea2a46bc00 is an unknown value
R15=0x00007fff5293b090 is an unknown value


Stack: [0x00007fff5213e000,0x00007fff5293e000],  sp=0x00007fff5293af40,  free space=8179k
Native frames: (J=compiled Java code, j=interpreted, Vv=VM code, C=native code)
C  [libglass.dylib+0x15511]  GlassScreenDidChangeScreenParameters+0x21
C  [CoreFoundation+0x12045c]  __CFNOTIFICATIONCENTER_IS_CALLING_OUT_TO_AN_OBSERVER__+0xc
C  [CoreFoundation+0x10634]  _CFXNotificationPost+0xc44
C  [Foundation+0x7aa1]  -[NSNotificationCenter postNotificationName:object:userInfo:]+0x42
C  [AppKit+0x40de7e]  -[NSApplication _reactToScreenInvalidationImmediately:]+0x17b
C  [AppKit+0x40dcc7]  __44-[NSApplication _reactToScreenInvalidation:]_block_invoke+0x4b
C  [CoreFoundation+0x808ec]  __CFRUNLOOP_IS_CALLING_OUT_TO_A_BLOCK__+0xc
C  [CoreFoundation+0x729f5]  __CFRunLoopDoBlocks+0x155
C  [CoreFoundation+0x72536]  __CFRunLoopRun+0x716
C  [CoreFoundation+0x71bd8]  CFRunLoopRunSpecific+0x128
C  [java+0x6490]  CreateExecutionEnvironment+0x367
C  [java+0x221c]  JLI_Launch+0x7a0
C  [java+0x84ed]  main+0x65
C  [java+0x1a74]  start+0x34


---------------  P R O C E S S  ---------------

VM state:not at safepoint (normal execution)

VM Mutex/Monitor currently owned by a thread: None

Heap:
 PSYoungGen      total 18944K, used 10427K [0x00000007aab00000, 0x00000007ac000000, 0x00000007c0000000)
  eden space 16384K, 63% used [0x00000007aab00000,0x00000007ab52ecd8,0x00000007abb00000)
  from space 2560K, 0% used [0x00000007abd80000,0x00000007abd80000,0x00000007ac000000)
  to   space 2560K, 0% used [0x00000007abb00000,0x00000007abb00000,0x00000007abd80000)
 ParOldGen       total 44032K, used 0K [0x0000000780000000, 0x0000000782b00000, 0x00000007aab00000)
  object space 44032K, 0% used [0x0000000780000000,0x0000000780000000,0x0000000782b00000)
 Metaspace       used 6593K, capacity 7036K, committed 7296K, reserved 1056768K
  class space    used 736K, capacity 837K, committed 896K, reserved 1048576K

Card table byte_map: [0x000000011e1c0000,0x000000011e3c1000] byte_map_base: 0x000000011a5c0000

Marking Bits: (ParMarkBitMap*) 0x000000010dcb57a0
 Begin Bits: [0x000000011e820000, 0x000000011f820000)
 End Bits:   [0x000000011f820000, 0x0000000120820000)

Polling page: 0x000000010e4a2000

CodeCache: size=245760Kb used=2043Kb max_used=2043Kb free=243716Kb
 bounds [0x000000010ee00000, 0x000000010f070000, 0x000000011de00000]
 total_blobs=840 nmethods=462 adapters=292
 compilation: enabled

Compilation events (10 events):
Event: 0.948 Thread 0x00007fea2a860800  458       3       java.lang.invoke.MethodTypeForm::cachedLambdaForm (44 bytes)
Event: 0.949 Thread 0x00007fea2a860800 nmethod 458 0x000000010effd510 code [0x000000010effd6a0, 0x000000010effdb10]
Event: 0.952 Thread 0x00007fea2a860800  459       1       java.nio.Buffer::limit (5 bytes)
Event: 0.952 Thread 0x00007fea2a860800 nmethod 459 0x000000010effd250 code [0x000000010effd3a0, 0x000000010effd4b0]
Event: 0.954 Thread 0x00007fea2a860800  460       3       java.nio.ByteBuffer::arrayOffset (35 bytes)
Event: 0.955 Thread 0x00007fea2a860800 nmethod 460 0x000000010effcc50 code [0x000000010effcde0, 0x000000010effd0f8]
Event: 0.956 Thread 0x00007fea2a860800  461       3       java.nio.Buffer::position (43 bytes)
Event: 0.956 Thread 0x00007fea2a860800 nmethod 461 0x000000010effc750 code [0x000000010effc8c0, 0x000000010effcb88]
Event: 0.958 Thread 0x00007fea2a860800  462       3       java.nio.CharBuffer::arrayOffset (35 bytes)
Event: 0.959 Thread 0x00007fea2a860800 nmethod 462 0x000000010effee90 code [0x000000010efff020, 0x000000010efff338]

GC Heap History (0 events):
No events

Deoptimization events (1 events):
Event: 0.881 Thread 0x00007fea2c208800 Uncommon trap: reason=unstable_if action=reinterpret pc=0x000000010efba5c4 method=java.lang.String.replace(CC)Ljava/lang/String; @ 26

Internal exceptions (10 events):
Event: 0.285 Thread 0x00007fea2b803000 Exception <a 'java/lang/NoSuchFieldError': method resolution failed> (0x00000007aadaa5f8) thrown at [/Users/java_re/workspace/8-2-build-macosx-x86_64/jdk8u45/3457/hotspot/src/share/vm/prims/methodHandles.cpp, line 1125]
Event: 0.291 Thread 0x00007fea2b803000 Exception <a 'java/lang/NoSuchFieldError': method resolution failed> (0x00000007aadb8cc8) thrown at [/Users/java_re/workspace/8-2-build-macosx-x86_64/jdk8u45/3457/hotspot/src/share/vm/prims/methodHandles.cpp, line 1125]
Event: 0.342 Thread 0x00007fea2b803000 Exception <a 'java/security/PrivilegedActionException'> (0x00000007aae45788) thrown at [/Users/java_re/workspace/8-2-build-macosx-x86_64/jdk8u45/3457/hotspot/src/share/vm/prims/jvm.cpp, line 1382]
Event: 0.342 Thread 0x00007fea2b803000 Exception <a 'java/security/PrivilegedActionException'> (0x00000007aae45940) thrown at [/Users/java_re/workspace/8-2-build-macosx-x86_64/jdk8u45/3457/hotspot/src/share/vm/prims/jvm.cpp, line 1382]
Event: 0.342 Thread 0x00007fea2b803000 Exception <a 'java/security/PrivilegedActionException'> (0x00000007aae48b30) thrown at [/Users/java_re/workspace/8-2-build-macosx-x86_64/jdk8u45/3457/hotspot/src/share/vm/prims/jvm.cpp, line 1382]
Event: 0.342 Thread 0x00007fea2b803000 Exception <a 'java/security/PrivilegedActionException'> (0x00000007aae48ce8) thrown at [/Users/java_re/workspace/8-2-build-macosx-x86_64/jdk8u45/3457/hotspot/src/share/vm/prims/jvm.cpp, line 1382]
Event: 0.343 Thread 0x00007fea2b803000 Exception <a 'java/lang/NullPointerException'> (0x00000007aae4a608) thrown at [/Users/java_re/workspace/8-2-build-macosx-x86_64/jdk8u45/3457/hotspot/src/share/vm/interpreter/linkResolver.cpp, line 1178]
Event: 0.938 Thread 0x00007fea2c208800 Exception <a 'java/lang/NullPointerException'> (0x00000007ab50f988) thrown at [/Users/java_re/workspace/8-2-build-macosx-x86_64/jdk8u45/3457/hotspot/src/share/vm/interpreter/linkResolver.cpp, line 1280]
Event: 0.938 Thread 0x00007fea2c208800 Exception <a 'java/lang/reflect/InvocationTargetException'> (0x00000007ab50fb38) thrown at [/Users/java_re/workspace/8-2-build-macosx-x86_64/jdk8u45/3457/hotspot/src/share/vm/runtime/reflection.cpp, line 1080]
Event: 0.950 Thread 0x00007fea2b803000 Exception <a 'java/lang/reflect/InvocationTargetException'> (0x00000007ab3bbf08) thrown at [/Users/java_re/workspace/8-2-build-macosx-x86_64/jdk8u45/3457/hotspot/src/share/vm/runtime/reflection.cpp, line 1080]

Events (10 events):
Event: 0.978 loading class java/util/regex/Pattern$BitClass done
Event: 0.978 loading class java/util/regex/Pattern$1
Event: 0.979 loading class java/util/regex/Pattern$1 done
Event: 0.979 loading class java/util/regex/Pattern$5
Event: 0.979 loading class java/util/regex/Pattern$5 done
Event: 0.979 loading class java/util/regex/Pattern$Slice
Event: 0.979 loading class java/util/regex/Pattern$SliceNode
Event: 0.979 loading class java/util/regex/Pattern$SliceNode done
Event: 0.981 loading class java/util/regex/Pattern$Slice done
Event: 0.981 loading class java/util/regex/Pattern$Begin


Dynamic libraries:
0x0000000000468000 	/System/Library/Frameworks/Cocoa.framework/Versions/A/Cocoa
0x0000000000468000 	/System/Library/Frameworks/Security.framework/Versions/A/Security
0x0000000000468000 	/System/Library/Frameworks/ApplicationServices.framework/Versions/A/ApplicationServices
0x0000000000468000 	/usr/lib/libz.1.dylib
0x0000000000468000 	/usr/lib/libSystem.B.dylib
0x0000000000468000 	/usr/lib/libobjc.A.dylib
0x0000000000468000 	/System/Library/Frameworks/CoreFoundation.framework/Versions/A/CoreFoundation
0x0000000000468000 	/System/Library/Frameworks/Foundation.framework/Versions/C/Foundation
0x0000000000468000 	/System/Library/Frameworks/AppKit.framework/Versions/C/AppKit
0x0000000000468000 	/System/Library/Frameworks/CoreData.framework/Versions/A/CoreData
0x0000000000468000 	/System/Library/PrivateFrameworks/RemoteViewServices.framework/Versions/A/RemoteViewServices
0x0000000000468000 	/System/Library/PrivateFrameworks/UIFoundation.framework/Versions/A/UIFoundation
0x0000000000468000 	/System/Library/Frameworks/IOSurface.framework/Versions/A/IOSurface
0x0000000000468000 	/System/Library/Frameworks/AudioToolbox.framework/Versions/A/AudioToolbox
0x0000000000468000 	/System/Library/Frameworks/AudioUnit.framework/Versions/A/AudioUnit
0x0000000000468000 	/System/Library/PrivateFrameworks/DataDetectorsCore.framework/Versions/A/DataDetectorsCore
0x0000000000468000 	/System/Library/PrivateFrameworks/DesktopServicesPriv.framework/Versions/A/DesktopServicesPriv
0x0000000000468000 	/System/Library/Frameworks/Carbon.framework/Versions/A/Frameworks/HIToolbox.framework/Versions/A/HIToolbox
0x0000000000468000 	/System/Library/Frameworks/QuartzCore.framework/Versions/A/QuartzCore
0x0000000000468000 	/System/Library/Frameworks/Carbon.framework/Versions/A/Frameworks/SpeechRecognition.framework/Versions/A/SpeechRecognition
0x0000000000468000 	/usr/lib/libauto.dylib
0x0000000000468000 	/usr/lib/libicucore.A.dylib
0x0000000000468000 	/usr/lib/libxml2.2.dylib
0x0000000000468000 	/System/Library/PrivateFrameworks/CoreUI.framework/Versions/A/CoreUI
0x0000000000468000 	/System/Library/Frameworks/CoreAudio.framework/Versions/A/CoreAudio
0x0000000000468000 	/System/Library/Frameworks/DiskArbitration.framework/Versions/A/DiskArbitration
0x0000000000468000 	/usr/lib/liblangid.dylib
0x0000000000468000 	/System/Library/PrivateFrameworks/MultitouchSupport.framework/Versions/A/MultitouchSupport
0x0000000000468000 	/System/Library/Frameworks/IOKit.framework/Versions/A/IOKit
0x0000000000468000 	/usr/lib/libDiagnosticMessagesClient.dylib
0x0000000000468000 	/System/Library/Frameworks/CoreServices.framework/Versions/A/CoreServices
0x0000000000468000 	/System/Library/PrivateFrameworks/PerformanceAnalysis.framework/Versions/A/PerformanceAnalysis
0x0000000000468000 	/System/Library/PrivateFrameworks/GenerationalStorage.framework/Versions/A/GenerationalStorage
0x0000000000468000 	/System/Library/Frameworks/OpenGL.framework/Versions/A/OpenGL
0x0000000000468000 	/System/Library/PrivateFrameworks/Sharing.framework/Versions/A/Sharing
0x0000000000468000 	/System/Library/Frameworks/CoreGraphics.framework/Versions/A/CoreGraphics
0x0000000000468000 	/System/Library/Frameworks/CoreText.framework/Versions/A/CoreText
0x0000000000468000 	/System/Library/Frameworks/ImageIO.framework/Versions/A/ImageIO
0x0000000000468000 	/usr/lib/libextension.dylib
0x0000000000468000 	/System/Library/PrivateFrameworks/Backup.framework/Versions/A/Backup
0x0000000000468000 	/usr/lib/libarchive.2.dylib
0x0000000000468000 	/System/Library/Frameworks/CFNetwork.framework/Versions/A/CFNetwork
0x0000000000468000 	/System/Library/Frameworks/SystemConfiguration.framework/Versions/A/SystemConfiguration
0x0000000000468000 	/usr/lib/libCRFSuite.dylib
0x0000000000468000 	/usr/lib/libc++.1.dylib
0x0000000000468000 	/usr/lib/libc++abi.dylib
0x0000000000468000 	/usr/lib/system/libcache.dylib
0x0000000000468000 	/usr/lib/system/libcommonCrypto.dylib
0x0000000000468000 	/usr/lib/system/libcompiler_rt.dylib
0x0000000000468000 	/usr/lib/system/libcopyfile.dylib
0x0000000000468000 	/usr/lib/system/libcorecrypto.dylib
0x0000000000468000 	/usr/lib/system/libdispatch.dylib
0x0000000000468000 	/usr/lib/system/libdyld.dylib
0x0000000000468000 	/usr/lib/system/libkeymgr.dylib
0x0000000000468000 	/usr/lib/system/liblaunch.dylib
0x0000000000468000 	/usr/lib/system/libmacho.dylib
0x0000000000468000 	/usr/lib/system/libquarantine.dylib
0x0000000000468000 	/usr/lib/system/libremovefile.dylib
0x0000000000468000 	/usr/lib/system/libsystem_asl.dylib
0x0000000000468000 	/usr/lib/system/libsystem_blocks.dylib
0x0000000000468000 	/usr/lib/system/libsystem_c.dylib
0x0000000000468000 	/usr/lib/system/libsystem_configuration.dylib
0x0000000000468000 	/usr/lib/system/libsystem_coreservices.dylib
0x0000000000468000 	/usr/lib/system/libsystem_coretls.dylib
0x0000000000468000 	/usr/lib/system/libsystem_dnssd.dylib
0x0000000000468000 	/usr/lib/system/libsystem_info.dylib
0x0000000000468000 	/usr/lib/system/libsystem_kernel.dylib
0x0000000000468000 	/usr/lib/system/libsystem_m.dylib
0x0000000000468000 	/usr/lib/system/libsystem_malloc.dylib
0x0000000000468000 	/usr/lib/system/libsystem_network.dylib
0x0000000000468000 	/usr/lib/system/libsystem_networkextension.dylib
0x0000000000468000 	/usr/lib/system/libsystem_notify.dylib
0x0000000000468000 	/usr/lib/system/libsystem_platform.dylib
0x0000000000468000 	/usr/lib/system/libsystem_pthread.dylib
0x0000000000468000 	/usr/lib/system/libsystem_sandbox.dylib
0x0000000000468000 	/usr/lib/system/libsystem_secinit.dylib
0x0000000000468000 	/usr/lib/system/libsystem_stats.dylib
0x0000000000468000 	/usr/lib/system/libsystem_trace.dylib
0x0000000000468000 	/usr/lib/system/libunc.dylib
0x0000000000468000 	/usr/lib/system/libunwind.dylib
0x0000000000468000 	/usr/lib/system/libxpc.dylib
0x0000000000468000 	/usr/lib/libbz2.1.0.dylib
0x0000000000468000 	/usr/lib/liblzma.5.dylib
0x0000000000468000 	/usr/lib/libbsm.0.dylib
0x0000000000468000 	/usr/lib/libsqlite3.dylib
0x0000000000468000 	/usr/lib/system/libkxld.dylib
0x0000000000468000 	/usr/lib/libxar.1.dylib
0x0000000000468000 	/usr/lib/libpam.2.dylib
0x0000000000468000 	/usr/lib/libOpenScriptingUtil.dylib
0x0000000000468000 	/System/Library/Frameworks/CoreServices.framework/Versions/A/Frameworks/FSEvents.framework/Versions/A/FSEvents
0x0000000000468000 	/System/Library/Frameworks/CoreServices.framework/Versions/A/Frameworks/CarbonCore.framework/Versions/A/CarbonCore
0x0000000000468000 	/System/Library/Frameworks/CoreServices.framework/Versions/A/Frameworks/Metadata.framework/Versions/A/Metadata
0x0000000000468000 	/System/Library/Frameworks/CoreServices.framework/Versions/A/Frameworks/OSServices.framework/Versions/A/OSServices
0x0000000000468000 	/System/Library/Frameworks/CoreServices.framework/Versions/A/Frameworks/SearchKit.framework/Versions/A/SearchKit
0x0000000000468000 	/System/Library/Frameworks/CoreServices.framework/Versions/A/Frameworks/AE.framework/Versions/A/AE
0x0000000000468000 	/System/Library/Frameworks/CoreServices.framework/Versions/A/Frameworks/LaunchServices.framework/Versions/A/LaunchServices
0x0000000000468000 	/System/Library/Frameworks/CoreServices.framework/Versions/A/Frameworks/DictionaryServices.framework/Versions/A/DictionaryServices
0x0000000000468000 	/System/Library/Frameworks/NetFS.framework/Versions/A/NetFS
0x0000000000468000 	/System/Library/PrivateFrameworks/NetAuth.framework/Versions/A/NetAuth
0x0000000000468000 	/System/Library/PrivateFrameworks/login.framework/Versions/A/Frameworks/loginsupport.framework/Versions/A/loginsupport
0x0000000000468000 	/System/Library/PrivateFrameworks/TCC.framework/Versions/A/TCC
0x0000000000468000 	/usr/lib/libmecabra.dylib
0x0000000000468000 	/System/Library/Frameworks/ApplicationServices.framework/Versions/A/Frameworks/ATS.framework/Versions/A/ATS
0x0000000000468000 	/System/Library/Frameworks/ApplicationServices.framework/Versions/A/Frameworks/ColorSync.framework/Versions/A/ColorSync
0x0000000000468000 	/System/Library/Frameworks/ApplicationServices.framework/Versions/A/Frameworks/HIServices.framework/Versions/A/HIServices
0x0000000000468000 	/System/Library/Frameworks/ApplicationServices.framework/Versions/A/Frameworks/LangAnalysis.framework/Versions/A/LangAnalysis
0x0000000000468000 	/System/Library/Frameworks/ApplicationServices.framework/Versions/A/Frameworks/PrintCore.framework/Versions/A/PrintCore
0x0000000000468000 	/System/Library/Frameworks/ApplicationServices.framework/Versions/A/Frameworks/QD.framework/Versions/A/QD
0x0000000000468000 	/System/Library/Frameworks/ApplicationServices.framework/Versions/A/Frameworks/SpeechSynthesis.framework/Versions/A/SpeechSynthesis
0x0000000000468000 	/System/Library/Frameworks/Accelerate.framework/Versions/A/Accelerate
0x0000000000468000 	/System/Library/Frameworks/Accelerate.framework/Versions/A/Frameworks/vImage.framework/Versions/A/vImage
0x0000000000468000 	/System/Library/Frameworks/Accelerate.framework/Versions/A/Frameworks/vecLib.framework/Versions/A/vecLib
0x0000000000468000 	/System/Library/Frameworks/Accelerate.framework/Versions/A/Frameworks/vecLib.framework/Versions/A/libvDSP.dylib
0x0000000000468000 	/System/Library/Frameworks/Accelerate.framework/Versions/A/Frameworks/vecLib.framework/Versions/A/libvMisc.dylib
0x0000000000468000 	/System/Library/Frameworks/Accelerate.framework/Versions/A/Frameworks/vecLib.framework/Versions/A/libLAPACK.dylib
0x0000000000468000 	/System/Library/Frameworks/Accelerate.framework/Versions/A/Frameworks/vecLib.framework/Versions/A/libBLAS.dylib
0x0000000000468000 	/System/Library/Frameworks/Accelerate.framework/Versions/A/Frameworks/vecLib.framework/Versions/A/libLinearAlgebra.dylib
0x0000000000468000 	/System/Library/Frameworks/ApplicationServices.framework/Versions/A/Frameworks/ATS.framework/Versions/A/Resources/libFontParser.dylib
0x0000000000468000 	/System/Library/Frameworks/ApplicationServices.framework/Versions/A/Frameworks/ATS.framework/Versions/A/Resources/libFontRegistry.dylib
0x0000000000468000 	/System/Library/PrivateFrameworks/AppleVPA.framework/Versions/A/AppleVPA
0x0000000000468000 	/System/Library/PrivateFrameworks/AppleJPEG.framework/Versions/A/AppleJPEG
0x0000000000468000 	/System/Library/Frameworks/ImageIO.framework/Versions/A/Resources/libJPEG.dylib
0x0000000000468000 	/System/Library/Frameworks/ImageIO.framework/Versions/A/Resources/libTIFF.dylib
0x0000000000468000 	/System/Library/Frameworks/ImageIO.framework/Versions/A/Resources/libPng.dylib
0x0000000000468000 	/System/Library/Frameworks/ImageIO.framework/Versions/A/Resources/libGIF.dylib
0x0000000000468000 	/System/Library/Frameworks/ImageIO.framework/Versions/A/Resources/libJP2.dylib
0x0000000000468000 	/System/Library/Frameworks/ImageIO.framework/Versions/A/Resources/libRadiance.dylib
0x0000000000468000 	/System/Library/Frameworks/CoreVideo.framework/Versions/A/CoreVideo
0x0000000000468000 	/System/Library/Frameworks/OpenGL.framework/Versions/A/Libraries/libGLU.dylib
0x0000000000468000 	/System/Library/Frameworks/OpenGL.framework/Versions/A/Libraries/libGFXShared.dylib
0x0000000000468000 	/System/Library/Frameworks/OpenGL.framework/Versions/A/Libraries/libGL.dylib
0x0000000000468000 	/System/Library/Frameworks/OpenGL.framework/Versions/A/Libraries/libGLImage.dylib
0x0000000000468000 	/System/Library/Frameworks/OpenGL.framework/Versions/A/Libraries/libCVMSPluginSupport.dylib
0x0000000000468000 	/System/Library/Frameworks/OpenGL.framework/Versions/A/Libraries/libCoreVMClient.dylib
0x0000000000468000 	/usr/lib/libcups.2.dylib
0x0000000000468000 	/System/Library/Frameworks/Kerberos.framework/Versions/A/Kerberos
0x0000000000468000 	/System/Library/Frameworks/GSS.framework/Versions/A/GSS
0x0000000000468000 	/usr/lib/libresolv.9.dylib
0x0000000000468000 	/usr/lib/libiconv.2.dylib
0x0000000000468000 	/System/Library/PrivateFrameworks/Heimdal.framework/Versions/A/Heimdal
0x0000000000468000 	/usr/lib/libheimdal-asn1.dylib
0x0000000000468000 	/System/Library/Frameworks/OpenDirectory.framework/Versions/A/OpenDirectory
0x0000000000468000 	/System/Library/PrivateFrameworks/CommonAuth.framework/Versions/A/CommonAuth
0x0000000000468000 	/System/Library/Frameworks/OpenDirectory.framework/Versions/A/Frameworks/CFOpenDirectory.framework/Versions/A/CFOpenDirectory
0x0000000000468000 	/System/Library/Frameworks/SecurityFoundation.framework/Versions/A/SecurityFoundation
0x0000000000468000 	/System/Library/PrivateFrameworks/LanguageModeling.framework/Versions/A/LanguageModeling
0x0000000000468000 	/usr/lib/libcmph.dylib
0x0000000000468000 	/System/Library/Frameworks/ServiceManagement.framework/Versions/A/ServiceManagement
0x0000000000468000 	/usr/lib/libxslt.1.dylib
0x0000000000468000 	/System/Library/Frameworks/Carbon.framework/Versions/A/Frameworks/Ink.framework/Versions/A/Ink
0x0000000000468000 	/System/Library/Frameworks/QuartzCore.framework/Versions/A/Frameworks/CoreImage.framework/Versions/A/CoreImage
0x0000000000468000 	/System/Library/PrivateFrameworks/CrashReporterSupport.framework/Versions/A/CrashReporterSupport
0x0000000000468000 	/System/Library/Frameworks/OpenCL.framework/Versions/A/OpenCL
0x0000000000468000 	/System/Library/PrivateFrameworks/FaceCore.framework/Versions/A/FaceCore
0x0000000000468000 	/System/Library/PrivateFrameworks/Ubiquity.framework/Versions/A/Ubiquity
0x0000000000468000 	/System/Library/PrivateFrameworks/IconServices.framework/Versions/A/IconServices
0x0000000000468000 	/System/Library/PrivateFrameworks/ChunkingLibrary.framework/Versions/A/ChunkingLibrary
0x0000000000468000 	/System/Library/PrivateFrameworks/Apple80211.framework/Versions/A/Apple80211
0x0000000000468000 	/System/Library/Frameworks/CoreWLAN.framework/Versions/A/CoreWLAN
0x0000000000468000 	/System/Library/Frameworks/IOBluetooth.framework/Versions/A/IOBluetooth
0x0000000000468000 	/System/Library/PrivateFrameworks/CoreWiFi.framework/Versions/A/CoreWiFi
0x0000000000468000 	/System/Library/Frameworks/CoreBluetooth.framework/Versions/A/CoreBluetooth
0x0000000000468000 	/System/Library/PrivateFrameworks/DebugSymbols.framework/Versions/A/DebugSymbols
0x0000000000468000 	/System/Library/PrivateFrameworks/CoreSymbolication.framework/Versions/A/CoreSymbolication
0x0000000000468000 	/System/Library/PrivateFrameworks/Symbolication.framework/Versions/A/Symbolication
0x0000000000468000 	/System/Library/PrivateFrameworks/SpeechRecognitionCore.framework/Versions/A/SpeechRecognitionCore
0x000000010d3f3000 	/Library/Java/JavaVirtualMachines/jdk1.8.0_45.jdk/Contents/Home/jre/lib/server/libjvm.dylib
0x0000000000468000 	/usr/lib/libstdc++.6.dylib
0x000000010e45f000 	/Library/Java/JavaVirtualMachines/jdk1.8.0_45.jdk/Contents/Home/jre/lib/libverify.dylib
0x000000010e46d000 	/Library/Java/JavaVirtualMachines/jdk1.8.0_45.jdk/Contents/Home/jre/lib/libjava.dylib
0x000000010e4ac000 	/Library/Java/JavaVirtualMachines/jdk1.8.0_45.jdk/Contents/Home/jre/lib/libzip.dylib
0x000000010e5e3000 	/System/Library/Frameworks/JavaVM.framework/Frameworks/JavaRuntimeSupport.framework/JavaRuntimeSupport
0x00000001227cf000 	/System/Library/Frameworks/JavaVM.framework/Versions/A/Frameworks/JavaNativeFoundation.framework/Versions/A/JavaNativeFoundation
0x00000001227e4000 	/System/Library/Frameworks/JavaVM.framework/Versions/A/JavaVM
0x0000000000468000 	/System/Library/Frameworks/Carbon.framework/Versions/A/Carbon
0x00000001227f1000 	/System/Library/PrivateFrameworks/JavaLaunching.framework/Versions/A/JavaLaunching
0x0000000000468000 	/System/Library/Frameworks/Carbon.framework/Versions/A/Frameworks/CommonPanels.framework/Versions/A/CommonPanels
0x0000000000468000 	/System/Library/Frameworks/Carbon.framework/Versions/A/Frameworks/Help.framework/Versions/A/Help
0x0000000000468000 	/System/Library/Frameworks/Carbon.framework/Versions/A/Frameworks/ImageCapture.framework/Versions/A/ImageCapture
0x0000000000468000 	/System/Library/Frameworks/Carbon.framework/Versions/A/Frameworks/OpenScripting.framework/Versions/A/OpenScripting
0x0000000000468000 	/System/Library/Frameworks/Carbon.framework/Versions/A/Frameworks/Print.framework/Versions/A/Print
0x0000000000468000 	/System/Library/Frameworks/Carbon.framework/Versions/A/Frameworks/SecurityHI.framework/Versions/A/SecurityHI
0x000000012483a000 	/Library/Java/JavaVirtualMachines/jdk1.8.0_45.jdk/Contents/Home/jre/lib/libprism_es2.dylib
0x0000000000468000 	/System/Library/Frameworks/OpenGL.framework/Versions/A/Resources/GLEngine.bundle/GLEngine
0x0000000000468000 	/System/Library/Frameworks/OpenGL.framework/Versions/A/Libraries/libGLProgrammability.dylib
0x00000001248bc000 	/System/Library/Extensions/AppleIntelHD5000GraphicsGLDriver.bundle/Contents/MacOS/AppleIntelHD5000GraphicsGLDriver
0x0000000000468000 	/System/Library/PrivateFrameworks/IOAccelerator.framework/Versions/A/IOAccelerator
0x0000000000468000 	/System/Library/PrivateFrameworks/GPUSupport.framework/Versions/A/Libraries/libGPUSupportMercury.dylib
0x0000000000468000 	/System/Library/Frameworks/OpenGL.framework/Versions/A/Resources/GLRendererFloat.bundle/GLRendererFloat
0x0000000000468000 	/System/Library/Frameworks/OpenCL.framework/Versions/A/Libraries/libcldcpuengine.dylib
0x0000000000468000 	/System/Library/PrivateFrameworks/DiskImages.framework/Versions/A/DiskImages
0x0000000000468000 	/System/Library/Frameworks/DiscRecording.framework/Versions/A/DiscRecording
0x0000000000468000 	/usr/lib/libcsfde.dylib
0x0000000000468000 	/usr/lib/libcurl.4.dylib
0x0000000000468000 	/System/Library/PrivateFrameworks/MediaKit.framework/Versions/A/MediaKit
0x0000000000468000 	/System/Library/PrivateFrameworks/ProtectedCloudStorage.framework/Versions/A/ProtectedCloudStorage
0x0000000000468000 	/usr/lib/libCoreStorage.dylib
0x0000000000468000 	/System/Library/PrivateFrameworks/EFILogin.framework/Versions/A/EFILogin
0x0000000000468000 	/usr/lib/libutil.dylib
0x0000000000468000 	/System/Library/PrivateFrameworks/FindMyDevice.framework/Versions/A/FindMyDevice
0x0000000000468000 	/System/Library/Frameworks/LDAP.framework/Versions/A/LDAP
0x0000000000468000 	/usr/lib/libsasl2.2.dylib
0x0000000000468000 	/System/Library/PrivateFrameworks/CoreDaemon.framework/Versions/B/CoreDaemon
0x0000000000468000 	/usr/lib/libcrypto.0.9.8.dylib
0x0000000000468000 	/System/Library/PrivateFrameworks/AppleSRP.framework/Versions/A/AppleSRP
0x0000000000468000 	/System/Library/PrivateFrameworks/TrustEvaluationAgent.framework/Versions/A/TrustEvaluationAgent
0x0000000125456000 	/Library/Java/JavaVirtualMachines/jdk1.8.0_45.jdk/Contents/Home/jre/lib/libglass.dylib
0x0000000000468000 	/System/Library/PrivateFrameworks/CoreServicesInternal.framework/Versions/A/CoreServicesInternal
0x0000000000468000 	/System/Library/PrivateFrameworks/CloudDocs.framework/Versions/A/CloudDocs
0x0000000000468000 	/System/Library/PrivateFrameworks/CoreDuet.framework/Versions/A/CoreDuet
0x0000000000468000 	/System/Library/Frameworks/CloudKit.framework/Versions/A/CloudKit
0x0000000000468000 	/System/Library/PrivateFrameworks/ProtocolBuffer.framework/Versions/A/ProtocolBuffer
0x0000000000468000 	/System/Library/PrivateFrameworks/CoreDuetDaemonProtocol.framework/Versions/A/CoreDuetDaemonProtocol
0x0000000000468000 	/System/Library/PrivateFrameworks/CoreDuetDebugLogging.framework/Versions/A/CoreDuetDebugLogging
0x0000000000468000 	/System/Library/PrivateFrameworks/MMCS.framework/Versions/A/MMCS
0x0000000000468000 	/System/Library/Frameworks/CoreLocation.framework/Versions/A/CoreLocation
0x0000000000468000 	/System/Library/PrivateFrameworks/GeoServices.framework/Versions/A/GeoServices
0x0000000000468000 	/System/Library/Frameworks/CoreGraphics.framework/Versions/A/Resources/libCGCMS.A.dylib
0x0000000000468000 	/System/Library/CoreServices/RawCamera.bundle/Contents/MacOS/RawCamera
0x0000000000468000 	/System/Library/Frameworks/CoreGraphics.framework/Versions/A/Resources/libRIP.A.dylib
0x0000000000468000 	/System/Library/PrivateFrameworks/FamilyControls.framework/Versions/A/FamilyControls
0x0000000000468000 	/System/Library/PrivateFrameworks/CommerceKit.framework/Versions/A/Frameworks/CommerceCore.framework/Versions/A/CommerceCore
0x0000000000468000 	/System/Library/PrivateFrameworks/SystemAdministration.framework/Versions/A/SystemAdministration
0x0000000000468000 	/System/Library/PrivateFrameworks/AppContainer.framework/Versions/A/AppContainer
0x0000000000468000 	/System/Library/PrivateFrameworks/SecCodeWrapper.framework/Versions/A/SecCodeWrapper
0x0000000000468000 	/System/Library/Frameworks/DirectoryService.framework/Versions/A/DirectoryService
0x0000000000468000 	/System/Library/PrivateFrameworks/LoginUIKit.framework/Versions/A/Frameworks/LoginUICore.framework/Versions/A/LoginUICore
0x0000000000468000 	/usr/lib/libodfde.dylib

VM Arguments:
jvm_args: -Dfile.encoding=UTF-8 
java_command: /Users/weichaozhao/NetBeansProjects/ePortfolioGenerator/dist/run1734298671/ePortfolioGenerator.jar
java_class_path (initial): /Users/weichaozhao/NetBeansProjects/ePortfolioGenerator/dist/run1734298671/ePortfolioGenerator.jar
Launcher Type: SUN_STANDARD

Environment Variables:
PATH=/usr/bin:/bin:/usr/sbin:/sbin
LD_LIBRARY_PATH=/Library/Java/JavaVirtualMachines/jdk1.8.0_45.jdk/Contents/Home/jre/lib/amd64:/Library/Java/JavaVirtualMachines/jdk1.8.0_45.jdk/Contents/Home/jre/lib/i386:
SHELL=/bin/bash
DYLD_LIBRARY_PATH=/Applications/NetBeans/NetBeans 8.0.2.app/Contents/Resources/NetBeans/webcommon/bin:

Signal Handlers:
SIGSEGV: [libjvm.dylib+0x58ef95], sa_mask[0]=11111111011111110111111111111111, sa_flags=SA_ONSTACK|SA_RESTART|SA_SIGINFO
SIGBUS: [libjvm.dylib+0x58ef95], sa_mask[0]=11111111011111110111111111111111, sa_flags=SA_RESTART|SA_SIGINFO
SIGFPE: [libjvm.dylib+0x46c108], sa_mask[0]=11111111011111110111111111111111, sa_flags=SA_RESTART|SA_SIGINFO
SIGPIPE: [libjvm.dylib+0x46c108], sa_mask[0]=11111111011111110111111111111111, sa_flags=SA_RESTART|SA_SIGINFO
SIGXFSZ: [libjvm.dylib+0x46c108], sa_mask[0]=11111111011111110111111111111111, sa_flags=SA_RESTART|SA_SIGINFO
SIGILL: [libjvm.dylib+0x46c108], sa_mask[0]=11111111011111110111111111111111, sa_flags=SA_RESTART|SA_SIGINFO
SIGUSR1: SIG_DFL, sa_mask[0]=00000000000000000000000000000000, sa_flags=none
SIGUSR2: [libjvm.dylib+0x46bc26], sa_mask[0]=00100000000000000000000000000000, sa_flags=SA_RESTART|SA_SIGINFO
SIGHUP: [libjvm.dylib+0x46a1f9], sa_mask[0]=11111111011111110111111111111111, sa_flags=SA_RESTART|SA_SIGINFO
SIGINT: SIG_IGN, sa_mask[0]=00000000000000000000000000000000, sa_flags=none
SIGTERM: [libjvm.dylib+0x46a1f9], sa_mask[0]=11111111011111110111111111111111, sa_flags=SA_RESTART|SA_SIGINFO
SIGQUIT: [libjvm.dylib+0x46a1f9], sa_mask[0]=11111111011111110111111111111111, sa_flags=SA_RESTART|SA_SIGINFO


---------------  S Y S T E M  ---------------

OS:Bsduname:Darwin 14.5.0 Darwin Kernel Version 14.5.0: Tue Sep  1 21:23:09 PDT 2015; root:xnu-2782.50.1~1/RELEASE_X86_64 x86_64
rlimit: STACK 8192k, CORE 0k, NPROC 709, NOFILE 10240, AS infinity
load average:2.23 2.06 1.98

CPU:total 4 (2 cores per cpu, 2 threads per core) family 6 model 69 stepping 1, cmov, cx8, fxsr, mmx, sse, sse2, sse3, ssse3, sse4.1, sse4.2, popcnt, avx, avx2, aes, clmul, erms, lzcnt, ht, tsc, tscinvbit, bmi1, bmi2

Memory: 4k page, physical 4194304k(18468k free)

/proc/meminfo:


vm_info: Java HotSpot(TM) 64-Bit Server VM (25.45-b02) for bsd-amd64 JRE (1.8.0_45-b14), built on Apr 10 2015 10:46:38 by "java_re" with gcc 4.2.1 (Based on Apple Inc. build 5658) (LLVM build 2336.11.00)

time: Sun Dec  6 04:17:22 2015
elapsed time: 1 seconds (0d 0h 0m 1s)

